Using pre-set license
Built from '2020.3/staging' branch; Version is '2020.3.3f1 (76626098c1c4) revision 7758432'; Using compiler version '192528614'; Build Type 'Release'
OS: 'Windows 10 Home; OS build 19042.867; Version 2009; 64bit' Language: 'en' Physical Memory: 16287 MB
BatchMode: 1, IsHumanControllingUs: 0, StartBugReporterOnCrash: 0, Is64bit: 1, IsPro: 0

 COMMAND LINE ARGUMENTS:
C:\Program Files\UnityEditor\2020.3.3f1\Editor\Unity.exe
-adb2
-batchMode
-noUpm
-name
AssetImportWorker0
-projectPath
C:/Users/turne/Documents/UnityGames/Testing/Test2
-logFile
Logs/AssetImportWorker0.log
-srvPort
51814
Successfully changed project path to: C:/Users/turne/Documents/UnityGames/Testing/Test2
C:/Users/turne/Documents/UnityGames/Testing/Test2
Using Asset Import Pipeline V2.
Refreshing native plugins compatible for Editor in 37.20 ms, found 0 plugins.
Preloading 0 native plugins for Editor in 0.00 ms.
Initialize engine version: 2020.3.3f1 (76626098c1c4)
[Subsystems] Discovering subsystems at path C:/Program Files/UnityEditor/2020.3.3f1/Editor/Data/Resources/UnitySubsystems
[Subsystems] Discovering subsystems at path C:/Users/turne/Documents/UnityGames/Testing/Test2/Assets
GfxDevice: creating device client; threaded=0
Direct3D:
    Version:  Direct3D 11.0 [level 11.1]
    Renderer: AMD Radeon (TM) Pro WX 7100 Graphics (ID=0x67c4)
    Vendor:   
    VRAM:     8171 MB
    Driver:   27.20.14535.3005
Initialize mono
Mono path[0] = 'C:/Program Files/UnityEditor/2020.3.3f1/Editor/Data/Managed'
Mono path[1] = 'C:/Program Files/UnityEditor/2020.3.3f1/Editor/Data/MonoBleedingEdge/lib/mono/unityjit'
Mono config path = 'C:/Program Files/UnityEditor/2020.3.3f1/Editor/Data/MonoBleedingEdge/etc'
Using monoOptions --debugger-agent=transport=dt_socket,embedding=1,server=y,suspend=n,address=127.0.0.1:56628
Begin MonoManager ReloadAssembly
Registering precompiled unity dll's ...
Register platform support module: C:/Program Files/UnityEditor/2020.3.3f1/Editor/Data/PlaybackEngines/WebGLSupport/UnityEditor.WebGL.Extensions.dll
Register platform support module: C:/Program Files/UnityEditor/2020.3.3f1/Editor/Data/PlaybackEngines/MacStandaloneSupport/UnityEditor.OSXStandalone.Extensions.dll
Register platform support module: C:/Program Files/UnityEditor/2020.3.3f1/Editor/Data/PlaybackEngines/WindowsStandaloneSupport/UnityEditor.WindowsStandalone.Extensions.dll
Register platform support module: C:/Program Files/UnityEditor/2020.3.3f1/Editor/Data/PlaybackEngines/LinuxStandaloneSupport/UnityEditor.LinuxStandalone.Extensions.dll
Registered in 0.003010 seconds.
Native extension for LinuxStandalone target not found
Native extension for WindowsStandalone target not found
Native extension for OSXStandalone target not found
Native extension for WebGL target not found
Refreshing native plugins compatible for Editor in 36.20 ms, found 0 plugins.
Preloading 0 native plugins for Editor in 0.00 ms.
Invoked RoslynAnalysisRunner static constructor.
RoslynAnalysisRunner will not be running.
RoslynAnalysisRunner has terminated.
Mono: successfully reloaded assembly
- Completed reload, in  1.023 seconds
Platform modules already initialized, skipping
Registering precompiled user dll's ...
Registered in 0.000615 seconds.
Begin MonoManager ReloadAssembly
Native extension for LinuxStandalone target not found
Native extension for WindowsStandalone target not found
Native extension for OSXStandalone target not found
Native extension for WebGL target not found
Refreshing native plugins compatible for Editor in 0.49 ms, found 0 plugins.
Preloading 0 native plugins for Editor in 0.00 ms.
Invoked RoslynAnalysisRunner static constructor.
RoslynAnalysisRunner will not be running.
RoslynAnalysisRunner has terminated.
Mono: successfully reloaded assembly
- Completed reload, in  0.774 seconds
Platform modules already initialized, skipping
========================================================================
Worker process is ready to serve import requests
Launched and connected shader compiler UnityShaderCompiler.exe after 0.03 seconds
Refreshing native plugins compatible for Editor in 0.46 ms, found 0 plugins.
Preloading 0 native plugins for Editor in 0.00 ms.
Unloading 1913 Unused Serialized files (Serialized files now loaded: 0)
System memory in use before: 92.0 MB.
System memory in use after: 92.1 MB.

Unloading 14 unused Assets to reduce memory usage. Loaded Objects now: 2371.
Total: 2.064600 ms (FindLiveObjects: 0.305200 ms CreateObjectMapping: 0.053200 ms MarkObjects: 1.617100 ms  DeleteObjects: 0.088100 ms)

========================================================================
Received Import Request.
  path: Assets/Enemy.prefab
  artifactKey: Guid(977a68cd43166b64cb84c980bf7ea377) Importer(815301076,1909f56bfc062723c751e8b465ee728b)
Start importing Assets/Enemy.prefab using Guid(977a68cd43166b64cb84c980bf7ea377) Importer(815301076,1909f56bfc062723c751e8b465ee728b)  -> (artifact id: '2e48e707b2adfbc01a50218a974ca44b') in 0.088927 seconds
  Import took 0.092166 seconds .

========================================================================
Received Import Request.
  Time since last request: 0.000228 seconds.
  path: Assets/radar.renderTexture
  artifactKey: Guid(8af96884f035cd143a487f6e30f89af4) Importer(815301076,1909f56bfc062723c751e8b465ee728b)
Start importing Assets/radar.renderTexture using Guid(8af96884f035cd143a487f6e30f89af4) Importer(815301076,1909f56bfc062723c751e8b465ee728b)  -> (artifact id: '71f51e7cde60d29fb41197470b297d45') in 0.018032 seconds
  Import took 0.021845 seconds .

========================================================================
Received Import Request.
  Time since last request: 0.650749 seconds.
  path: Assets
  artifactKey: Guid(00000000000000001000000000000000) Importer(815301076,1909f56bfc062723c751e8b465ee728b)
Start importing Assets using Guid(00000000000000001000000000000000) Importer(815301076,1909f56bfc062723c751e8b465ee728b)  -> (artifact id: 'b2e0e235c0f4af3754229b664788db90') in 0.006510 seconds
  Import took 0.009753 seconds .

========================================================================
Received Import Request.
  Time since last request: 11.927135 seconds.
  path: Assets/New Material.mat
  artifactKey: Guid(10afbbe3ed077864284b13feccf8d0f1) Importer(815301076,1909f56bfc062723c751e8b465ee728b)
Start importing Assets/New Material.mat using Guid(10afbbe3ed077864284b13feccf8d0f1) Importer(815301076,1909f56bfc062723c751e8b465ee728b)  -> (artifact id: '553843e2c0a646da20625002ce911ff5') in 0.028522 seconds
  Import took 0.032346 seconds .

========================================================================
Received Import Request.
  Time since last request: 20.505648 seconds.
  path: Assets/Simple city plain
  artifactKey: Guid(9a46a9609e301024891e5373a8ffb832) Importer(815301076,1909f56bfc062723c751e8b465ee728b)
Start importing Assets/Simple city plain using Guid(9a46a9609e301024891e5373a8ffb832) Importer(815301076,1909f56bfc062723c751e8b465ee728b)  -> (artifact id: '0e8e81d5845eaf4bd5c79aa8387a61f6') in 0.006743 seconds
  Import took 0.010030 seconds .

========================================================================
Received Import Request.
  Time since last request: 2.028875 seconds.
  path: Assets/Simple city plain/Prefabs
  artifactKey: Guid(9b3f41c9510b3cd43a8766a508dc6635) Importer(815301076,1909f56bfc062723c751e8b465ee728b)
Start importing Assets/Simple city plain/Prefabs using Guid(9b3f41c9510b3cd43a8766a508dc6635) Importer(815301076,1909f56bfc062723c751e8b465ee728b)  -> (artifact id: 'eed273b4fc8488d1d039d9e299e140e8') in 0.006460 seconds
  Import took 0.009978 seconds .

========================================================================
Received Import Request.
  Time since last request: 0.114975 seconds.
  path: Assets/Simple city plain/Prefabs/bench prefab.prefab
  artifactKey: Guid(80c5916b9606ce646be16611d9a06d13) Importer(815301076,1909f56bfc062723c751e8b465ee728b)
Start importing Assets/Simple city plain/Prefabs/bench prefab.prefab using Guid(80c5916b9606ce646be16611d9a06d13) Importer(815301076,1909f56bfc062723c751e8b465ee728b)  -> (artifact id: '95796e3b6a097b86c065c2b92101adc8') in 0.032251 seconds
  Import took 0.035940 seconds .

========================================================================
Received Import Request.
  Time since last request: 0.000175 seconds.
  path: Assets/Simple city plain/Prefabs/Building_I_2_Prefab.prefab
  artifactKey: Guid(1e198ff9400b5064c816d8f779eff296) Importer(815301076,1909f56bfc062723c751e8b465ee728b)
Start importing Assets/Simple city plain/Prefabs/Building_I_2_Prefab.prefab using Guid(1e198ff9400b5064c816d8f779eff296) Importer(815301076,1909f56bfc062723c751e8b465ee728b)  -> (artifact id: '6dcf46de032f681f87bec8a973d878cb') in 0.036582 seconds
  Import took 0.039562 seconds .

========================================================================
Received Import Request.
  Time since last request: 0.000190 seconds.
  path: Assets/Simple city plain/Prefabs/Gas_station_A_PREFAB.prefab
  artifactKey: Guid(01bbe20c855564648b02e0092e511cac) Importer(815301076,1909f56bfc062723c751e8b465ee728b)
Start importing Assets/Simple city plain/Prefabs/Gas_station_A_PREFAB.prefab using Guid(01bbe20c855564648b02e0092e511cac) Importer(815301076,1909f56bfc062723c751e8b465ee728b)  -> (artifact id: '14bb4987ad58226b3dbfe7d53bd3f77e') in 0.038720 seconds
  Import took 0.042687 seconds .

========================================================================
Received Import Request.
  Time since last request: 0.000193 seconds.
  path: Assets/Simple city plain/Prefabs/Building_I_1_prefab.prefab
  artifactKey: Guid(931ecb32d754b3f40afc9a688c8cea66) Importer(815301076,1909f56bfc062723c751e8b465ee728b)
Start importing Assets/Simple city plain/Prefabs/Building_I_1_prefab.prefab using Guid(931ecb32d754b3f40afc9a688c8cea66) Importer(815301076,1909f56bfc062723c751e8b465ee728b)  -> (artifact id: 'd7cea613bea72ae6df9fe724182024c1') in 0.029441 seconds
  Import took 0.032688 seconds .

========================================================================
Received Import Request.
  Time since last request: 0.000193 seconds.
  path: Assets/Simple city plain/Prefabs/Stone Floor prefab.prefab
  artifactKey: Guid(ffa4d200e6c7d9c4b90b3764b7ed86d4) Importer(815301076,1909f56bfc062723c751e8b465ee728b)
Start importing Assets/Simple city plain/Prefabs/Stone Floor prefab.prefab using Guid(ffa4d200e6c7d9c4b90b3764b7ed86d4) Importer(815301076,1909f56bfc062723c751e8b465ee728b)  -> (artifact id: '032a9f43e0351dfd2d5f000222fe2b96') in 0.016755 seconds
  Import took 0.019929 seconds .

========================================================================
Received Import Request.
  Time since last request: 0.000189 seconds.
  path: Assets/Simple city plain/Prefabs/Building_M_prefab.prefab
  artifactKey: Guid(84bb406b82cecb24cb1ffe5d4359339d) Importer(815301076,1909f56bfc062723c751e8b465ee728b)
Start importing Assets/Simple city plain/Prefabs/Building_M_prefab.prefab using Guid(84bb406b82cecb24cb1ffe5d4359339d) Importer(815301076,1909f56bfc062723c751e8b465ee728b)  -> (artifact id: '8c960bf8f7886174ade3575af48cdc93') in 0.019887 seconds
  Import took 0.022811 seconds .

========================================================================
Received Import Request.
  Time since last request: 0.000190 seconds.
  path: Assets/Simple city plain/Prefabs/Street 3 Prefab.prefab
  artifactKey: Guid(2224b63330275e5478ef024b2913f937) Importer(815301076,1909f56bfc062723c751e8b465ee728b)
Start importing Assets/Simple city plain/Prefabs/Street 3 Prefab.prefab using Guid(2224b63330275e5478ef024b2913f937) Importer(815301076,1909f56bfc062723c751e8b465ee728b)  -> (artifact id: '6a452c2c605b5c31ad7d9097254e1592') in 0.022758 seconds
  Import took 0.026144 seconds .

========================================================================
Received Import Request.
  Time since last request: 0.000188 seconds.
  path: Assets/Simple city plain/Prefabs/Building_A1_prefab.prefab
  artifactKey: Guid(562df8355904213468a690c4ce6740b6) Importer(815301076,1909f56bfc062723c751e8b465ee728b)
Start importing Assets/Simple city plain/Prefabs/Building_A1_prefab.prefab using Guid(562df8355904213468a690c4ce6740b6) Importer(815301076,1909f56bfc062723c751e8b465ee728b)  -> (artifact id: '1f7374f18bd03899eae546a77d728f2f') in 0.013487 seconds
  Import took 0.016831 seconds .

========================================================================
Received Import Request.
  Time since last request: 0.000187 seconds.
  path: Assets/Simple city plain/Prefabs/Pot_tree prefab.prefab
  artifactKey: Guid(8e00364320862a746a6e67a5af5e5979) Importer(815301076,1909f56bfc062723c751e8b465ee728b)
Start importing Assets/Simple city plain/Prefabs/Pot_tree prefab.prefab using Guid(8e00364320862a746a6e67a5af5e5979) Importer(815301076,1909f56bfc062723c751e8b465ee728b)  -> (artifact id: '182c76f1b68fdce2d28bd2a55e027118') in 0.241337 seconds
  Import took 0.244711 seconds .

========================================================================
Received Import Request.
  Time since last request: 0.000198 seconds.
  path: Assets/Simple city plain/Prefabs/ColaMachine prefab.prefab
  artifactKey: Guid(2bf7da734f1a8224fb14055902b5b343) Importer(815301076,1909f56bfc062723c751e8b465ee728b)
Start importing Assets/Simple city plain/Prefabs/ColaMachine prefab.prefab using Guid(2bf7da734f1a8224fb14055902b5b343) Importer(815301076,1909f56bfc062723c751e8b465ee728b)  -> (artifact id: 'f60d74d49932db470c14c30a98e71934') in 0.027161 seconds
  Import took 0.029953 seconds .

========================================================================
Received Import Request.
  Time since last request: 0.000199 seconds.
  path: Assets/Simple city plain/Prefabs/Building_N_Prefab.prefab
  artifactKey: Guid(bbad862e7e06efe4a8ad0346a53e3cde) Importer(815301076,1909f56bfc062723c751e8b465ee728b)
Start importing Assets/Simple city plain/Prefabs/Building_N_Prefab.prefab using Guid(bbad862e7e06efe4a8ad0346a53e3cde) Importer(815301076,1909f56bfc062723c751e8b465ee728b)  -> (artifact id: '76629a89d4c1b82e10d40d6b802ddc8a') in 0.023561 seconds
  Import took 0.026528 seconds .

========================================================================
Received Import Request.
  Time since last request: 0.000191 seconds.
  path: Assets/Simple city plain/Prefabs/Shop_B_prefab.prefab
  artifactKey: Guid(9a52ba64c3a0abf49ad9515917ade04b) Importer(815301076,1909f56bfc062723c751e8b465ee728b)
Start importing Assets/Simple city plain/Prefabs/Shop_B_prefab.prefab using Guid(9a52ba64c3a0abf49ad9515917ade04b) Importer(815301076,1909f56bfc062723c751e8b465ee728b)  -> (artifact id: '055c17c76e4a88205027d2abe0310381') in 0.039988 seconds
  Import took 0.043093 seconds .

========================================================================
Received Import Request.
  Time since last request: 0.000187 seconds.
  path: Assets/Simple city plain/Prefabs/Tree prefab.prefab
  artifactKey: Guid(1be61187b5d765449be824463642cb0f) Importer(815301076,1909f56bfc062723c751e8b465ee728b)
Start importing Assets/Simple city plain/Prefabs/Tree prefab.prefab using Guid(1be61187b5d765449be824463642cb0f) Importer(815301076,1909f56bfc062723c751e8b465ee728b)  -> (artifact id: '087af9348307a036f3ec1da378117fe7') in 0.026924 seconds
  Import took 0.029834 seconds .

========================================================================
Received Import Request.
  Time since last request: 0.000204 seconds.
  path: Assets/Simple city plain/Prefabs/Grass Prefab.prefab
  artifactKey: Guid(7446a392a730ac14d9cc70d21cf7ace0) Importer(815301076,1909f56bfc062723c751e8b465ee728b)
Start importing Assets/Simple city plain/Prefabs/Grass Prefab.prefab using Guid(7446a392a730ac14d9cc70d21cf7ace0) Importer(815301076,1909f56bfc062723c751e8b465ee728b)  -> (artifact id: 'd4660311db87ee1af492349405ceaf02') in 0.025828 seconds
  Import took 0.029080 seconds .

========================================================================
Received Import Request.
  Time since last request: 0.000188 seconds.
  path: Assets/Simple city plain/Prefabs/Sideway Prefab.prefab
  artifactKey: Guid(a9da80f587bbf9046aefc4a4cfb8a7fc) Importer(815301076,1909f56bfc062723c751e8b465ee728b)
Start importing Assets/Simple city plain/Prefabs/Sideway Prefab.prefab using Guid(a9da80f587bbf9046aefc4a4cfb8a7fc) Importer(815301076,1909f56bfc062723c751e8b465ee728b)  -> (artifact id: 'ae3a7e3171c72616dd5d3e2510ccd6aa') in 0.016009 seconds
  Import took 0.018927 seconds .

========================================================================
Received Import Request.
  Time since last request: 0.000188 seconds.
  path: Assets/Simple city plain/Prefabs/street_lamp 1 prefab.prefab
  artifactKey: Guid(6825a3fe8a1605f42a0d0589e582ac40) Importer(815301076,1909f56bfc062723c751e8b465ee728b)
Start importing Assets/Simple city plain/Prefabs/street_lamp 1 prefab.prefab using Guid(6825a3fe8a1605f42a0d0589e582ac40) Importer(815301076,1909f56bfc062723c751e8b465ee728b)  -> (artifact id: 'e8f06cfd447b0cfa403fe4e4efe7d693') in 0.018474 seconds
  Import took 0.021934 seconds .

========================================================================
Received Import Request.
  Time since last request: 0.000187 seconds.
  path: Assets/Simple city plain/Prefabs/Sideway Prefab.prefab
  artifactKey: Guid(a9da80f587bbf9046aefc4a4cfb8a7fc) Importer(815301076,1909f56bfc062723c751e8b465ee728b)
Start importing Assets/Simple city plain/Prefabs/Sideway Prefab.prefab using Guid(a9da80f587bbf9046aefc4a4cfb8a7fc) Importer(815301076,1909f56bfc062723c751e8b465ee728b)  -> (artifact id: 'ae3a7e3171c72616dd5d3e2510ccd6aa') in 0.007262 seconds
  Import took 0.010099 seconds .

========================================================================
Received Import Request.
  Time since last request: 0.000164 seconds.
  path: Assets/Simple city plain/Prefabs/Big_trash_bin prefab.prefab
  artifactKey: Guid(331560f2206dc024cb084301a19c05ad) Importer(815301076,1909f56bfc062723c751e8b465ee728b)
Start importing Assets/Simple city plain/Prefabs/Big_trash_bin prefab.prefab using Guid(331560f2206dc024cb084301a19c05ad) Importer(815301076,1909f56bfc062723c751e8b465ee728b)  -> (artifact id: '12cf258f64e923b761c730ad91e8a2c1') in 0.026482 seconds
  Import took 0.029340 seconds .

========================================================================
Received Prepare
Registering precompiled user dll's ...
Registered in 0.000714 seconds.
Begin MonoManager ReloadAssembly
Native extension for LinuxStandalone target not found
Native extension for WindowsStandalone target not found
Native extension for OSXStandalone target not found
Native extension for WebGL target not found
Refreshing native plugins compatible for Editor in 0.46 ms, found 0 plugins.
Preloading 0 native plugins for Editor in 0.00 ms.
Invoked RoslynAnalysisRunner static constructor.
RoslynAnalysisRunner will not be running.
RoslynAnalysisRunner has terminated.
Mono: successfully reloaded assembly
- Completed reload, in  0.791 seconds
Platform modules already initialized, skipping
Refreshing native plugins compatible for Editor in 0.46 ms, found 0 plugins.
Preloading 0 native plugins for Editor in 0.00 ms.
Unloading 1864 Unused Serialized files (Serialized files now loaded: 0)
System memory in use before: 90.6 MB.
System memory in use after: 90.7 MB.

Unloading 6 unused Assets to reduce memory usage. Loaded Objects now: 2427.
Total: 1.949700 ms (FindLiveObjects: 0.217700 ms CreateObjectMapping: 0.048200 ms MarkObjects: 1.662800 ms  DeleteObjects: 0.020200 ms)

========================================================================
Received Import Request.
  Time since last request: 1333.070105 seconds.
  path: Packages/com.unity.2d.sprite/Editor/ObjectMenuCreation/DefaultAssets/Textures/CapsuleWithBorder.png
  artifactKey: Guid(34587324d412940a79d530020c957dc0) Importer(815301076,1909f56bfc062723c751e8b465ee728b)
Start importing Packages/com.unity.2d.sprite/Editor/ObjectMenuCreation/DefaultAssets/Textures/CapsuleWithBorder.png using Guid(34587324d412940a79d530020c957dc0) Importer(815301076,1909f56bfc062723c751e8b465ee728b)  -> (artifact id: 'a78f72bc3b6c5ca57182d25f2b322628') in 0.083177 seconds
  Import took 0.086959 seconds .

========================================================================
Received Import Request.
  Time since last request: 0.000195 seconds.
  path: Packages/com.unity.2d.sprite/Editor/ObjectMenuCreation/DefaultAssets/Textures/Capsule.png
  artifactKey: Guid(bd3cb4af8406d4436a2ae8c2aafe1f8d) Importer(815301076,1909f56bfc062723c751e8b465ee728b)
Start importing Packages/com.unity.2d.sprite/Editor/ObjectMenuCreation/DefaultAssets/Textures/Capsule.png using Guid(bd3cb4af8406d4436a2ae8c2aafe1f8d) Importer(815301076,1909f56bfc062723c751e8b465ee728b)  -> (artifact id: '354fb814dce4fd9b7b3b3d1ecf3df458') in 0.018690 seconds
  Import took 0.021559 seconds .

========================================================================
Received Import Request.
  Time since last request: 0.000198 seconds.
  path: Packages/com.unity.2d.sprite/Editor/ObjectMenuCreation/DefaultAssets/Textures/HexagonFlat-Top.png
  artifactKey: Guid(16037dbd798344f57a526d53d48f5ead) Importer(815301076,1909f56bfc062723c751e8b465ee728b)
Start importing Packages/com.unity.2d.sprite/Editor/ObjectMenuCreation/DefaultAssets/Textures/HexagonFlat-Top.png using Guid(16037dbd798344f57a526d53d48f5ead) Importer(815301076,1909f56bfc062723c751e8b465ee728b)  -> (artifact id: '5bf50aaac84d7d92b90fd4cd2e5d5416') in 0.018808 seconds
  Import took 0.022033 seconds .

========================================================================
Received Import Request.
  Time since last request: 0.000184 seconds.
  path: Assets/Graphics/Enemy.png
  artifactKey: Guid(34a55a57f47e84d47bac10fe345e1e2b) Importer(815301076,1909f56bfc062723c751e8b465ee728b)
Start importing Assets/Graphics/Enemy.png using Guid(34a55a57f47e84d47bac10fe345e1e2b) Importer(815301076,1909f56bfc062723c751e8b465ee728b)  -> (artifact id: 'd1c82fad423989d27e657ced00eb3e39') in 0.041890 seconds
  Import took 0.045097 seconds .

========================================================================
Received Import Request.
  Time since last request: 0.000167 seconds.
  path: Packages/com.unity.2d.sprite/Editor/ObjectMenuCreation/DefaultAssets/Textures/CircleMask.png
  artifactKey: Guid(87aaca0a643d54397ba969dab4fc8875) Importer(815301076,1909f56bfc062723c751e8b465ee728b)
Start importing Packages/com.unity.2d.sprite/Editor/ObjectMenuCreation/DefaultAssets/Textures/CircleMask.png using Guid(87aaca0a643d54397ba969dab4fc8875) Importer(815301076,1909f56bfc062723c751e8b465ee728b)  -> (artifact id: 'ae1740b0bcfa8827b73cc1152a28e254') in 0.017454 seconds
  Import took 0.020354 seconds .

========================================================================
Received Import Request.
  Time since last request: 0.000201 seconds.
  path: Packages/com.unity.2d.sprite/Editor/ObjectMenuCreation/DefaultAssets/Textures/Circle.png
  artifactKey: Guid(ebe73ca9363db456bacf42c025bb4847) Importer(815301076,1909f56bfc062723c751e8b465ee728b)
Start importing Packages/com.unity.2d.sprite/Editor/ObjectMenuCreation/DefaultAssets/Textures/Circle.png using Guid(ebe73ca9363db456bacf42c025bb4847) Importer(815301076,1909f56bfc062723c751e8b465ee728b)  -> (artifact id: '960c52e8da06cca1b0ec8953f944a8f0') in 0.011909 seconds
  Import took 0.014913 seconds .

========================================================================
Received Import Request.
  Time since last request: 0.000192 seconds.
  path: Packages/com.unity.2d.sprite/Editor/ObjectMenuCreation/DefaultAssets/Textures/CircleWithBorder.png
  artifactKey: Guid(4adeaf2d2b1c7417e89f026626d8264f) Importer(815301076,1909f56bfc062723c751e8b465ee728b)
Start importing Packages/com.unity.2d.sprite/Editor/ObjectMenuCreation/DefaultAssets/Textures/CircleWithBorder.png using Guid(4adeaf2d2b1c7417e89f026626d8264f) Importer(815301076,1909f56bfc062723c751e8b465ee728b)  -> (artifact id: '77a2bf09ea5c7fad8d90f7e4c26de7eb') in 0.019062 seconds
  Import took 0.022524 seconds .

========================================================================
Received Import Request.
  Time since last request: 0.000239 seconds.
  path: Assets/Graphics/Game Over Screen.png
  artifactKey: Guid(11107e0d634e1c34a8a5abfc7506d366) Importer(815301076,1909f56bfc062723c751e8b465ee728b)
Start importing Assets/Graphics/Game Over Screen.png using Guid(11107e0d634e1c34a8a5abfc7506d366) Importer(815301076,1909f56bfc062723c751e8b465ee728b)  -> (artifact id: '631b7d9e4b11d46d7714ec186dbe3261') in 0.023578 seconds
  Import took 0.026444 seconds .

========================================================================
Received Import Request.
  Time since last request: 0.000201 seconds.
  path: Assets/Graphics/City Chaos.png
  artifactKey: Guid(2686a634c06b09e48843153469ed00a8) Importer(815301076,1909f56bfc062723c751e8b465ee728b)
Start importing Assets/Graphics/City Chaos.png using Guid(2686a634c06b09e48843153469ed00a8) Importer(815301076,1909f56bfc062723c751e8b465ee728b)  -> (artifact id: '9daae64dfd70b90122e061c2bde10008') in 0.019576 seconds
  Import took 0.022425 seconds .

========================================================================
Received Import Request.
  Time since last request: 2.054692 seconds.
  path: Assets/Graphics/SkyBackground.png
  artifactKey: Guid(7e742ecc7cc0dc147b5ea944aced941f) Importer(815301076,1909f56bfc062723c751e8b465ee728b)
Start importing Assets/Graphics/SkyBackground.png using Guid(7e742ecc7cc0dc147b5ea944aced941f) Importer(815301076,1909f56bfc062723c751e8b465ee728b)  -> (artifact id: 'bae14d3def83635b8233e5b834027f8a') in 0.025806 seconds
  Import took 0.029644 seconds .

========================================================================
Received Import Request.
  Time since last request: 131.193354 seconds.
  path: Assets/Graphics/Level Prompt.png
  artifactKey: Guid(cc138faa01d416e4090d779220177de8) Importer(815301076,1909f56bfc062723c751e8b465ee728b)
Start importing Assets/Graphics/Level Prompt.png using Guid(cc138faa01d416e4090d779220177de8) Importer(815301076,1909f56bfc062723c751e8b465ee728b)  -> (artifact id: '18d540fd48bba230adf10b2b8d5a357a') in 0.041811 seconds
  Import took 0.045116 seconds .

========================================================================
Received Import Request.
  Time since last request: 0.000204 seconds.
  path: Packages/com.unity.2d.sprite/Editor/ObjectMenuCreation/DefaultAssets/Textures/Square.png
  artifactKey: Guid(48e93eef0688c4a259cb0eddcd8661f7) Importer(815301076,1909f56bfc062723c751e8b465ee728b)
Start importing Packages/com.unity.2d.sprite/Editor/ObjectMenuCreation/DefaultAssets/Textures/Square.png using Guid(48e93eef0688c4a259cb0eddcd8661f7) Importer(815301076,1909f56bfc062723c751e8b465ee728b)  -> (artifact id: 'bd7090a099a03e20dee865c55192eeb0') in 0.010954 seconds
  Import took 0.014463 seconds .

========================================================================
Received Import Request.
  Time since last request: 0.000197 seconds.
  path: Assets/Graphics/Level Prompt.png
  artifactKey: Guid(cc138faa01d416e4090d779220177de8) Importer(815301076,1909f56bfc062723c751e8b465ee728b)
Start importing Assets/Graphics/Level Prompt.png using Guid(cc138faa01d416e4090d779220177de8) Importer(815301076,1909f56bfc062723c751e8b465ee728b)  -> (artifact id: '18d540fd48bba230adf10b2b8d5a357a') in 0.014842 seconds
  Import took 0.018050 seconds .

========================================================================
Received Import Request.
  Time since last request: 0.000201 seconds.
  path: Packages/com.unity.2d.sprite/Editor/ObjectMenuCreation/DefaultAssets/Textures/Square.png
  artifactKey: Guid(48e93eef0688c4a259cb0eddcd8661f7) Importer(815301076,1909f56bfc062723c751e8b465ee728b)
Start importing Packages/com.unity.2d.sprite/Editor/ObjectMenuCreation/DefaultAssets/Textures/Square.png using Guid(48e93eef0688c4a259cb0eddcd8661f7) Importer(815301076,1909f56bfc062723c751e8b465ee728b)  -> (artifact id: 'bd7090a099a03e20dee865c55192eeb0') in 0.006769 seconds
  Import took 0.009302 seconds .

========================================================================
Received Import Request.
  Time since last request: 0.000227 seconds.
  path: Packages/com.unity.2d.sprite/Editor/ObjectMenuCreation/DefaultAssets/Textures/SquareWithBorder.png
  artifactKey: Guid(db750325989564987a34393247d883b4) Importer(815301076,1909f56bfc062723c751e8b465ee728b)
Start importing Packages/com.unity.2d.sprite/Editor/ObjectMenuCreation/DefaultAssets/Textures/SquareWithBorder.png using Guid(db750325989564987a34393247d883b4) Importer(815301076,1909f56bfc062723c751e8b465ee728b)  -> (artifact id: 'b44ff976dba5d00833f63c2e88ddc0e2') in 0.016303 seconds
  Import took 0.019440 seconds .

========================================================================
Received Import Request.
  Time since last request: 39.643031 seconds.
  path: Assets/Enemy.prefab
  artifactKey: Guid(977a68cd43166b64cb84c980bf7ea377) Importer(815301076,1909f56bfc062723c751e8b465ee728b)
Start importing Assets/Enemy.prefab using Guid(977a68cd43166b64cb84c980bf7ea377) Importer(815301076,1909f56bfc062723c751e8b465ee728b)  -> (artifact id: '7acc3c054610a88e19dd4a28ef66bd51') in 0.029838 seconds
  Import took 0.033085 seconds .

========================================================================
Received Import Request.
  Time since last request: 129.350922 seconds.
  path: Assets/Simple city plain/Material & Texture/Material mesh/Bench texture.png
  artifactKey: Guid(9a4a04b84933213428ed33e0c31813b7) Importer(815301076,1909f56bfc062723c751e8b465ee728b)
Start importing Assets/Simple city plain/Material & Texture/Material mesh/Bench texture.png using Guid(9a4a04b84933213428ed33e0c31813b7) Importer(815301076,1909f56bfc062723c751e8b465ee728b)  -> (artifact id: '1ba0a809fe500f8c27e4976bc459a183') in 0.010599 seconds
  Import took 0.014028 seconds .

========================================================================
Received Import Request.
  Time since last request: 0.000219 seconds.
  path: Assets/Simple city plain/Material & Texture/Material mesh/big trash bin texture.png
  artifactKey: Guid(cb629d531f414f64288cca236d43f674) Importer(815301076,1909f56bfc062723c751e8b465ee728b)
Start importing Assets/Simple city plain/Material & Texture/Material mesh/big trash bin texture.png using Guid(cb629d531f414f64288cca236d43f674) Importer(815301076,1909f56bfc062723c751e8b465ee728b)  -> (artifact id: 'ca285555a5f74b268074aec02664ede7') in 0.009128 seconds
  Import took 0.012354 seconds .

========================================================================
Received Import Request.
  Time since last request: 0.000187 seconds.
  path: Assets/Gizmos/Cinemachine/cm_logo_lg.png
  artifactKey: Guid(b65ce8fd0c73545c58ce514c66a01557) Importer(815301076,1909f56bfc062723c751e8b465ee728b)
Start importing Assets/Gizmos/Cinemachine/cm_logo_lg.png using Guid(b65ce8fd0c73545c58ce514c66a01557) Importer(815301076,1909f56bfc062723c751e8b465ee728b)  -> (artifact id: 'df26847a2336824c9880784ce3154c98') in 0.021999 seconds
  Import took 0.025258 seconds .

========================================================================
Received Import Request.
  Time since last request: 0.000227 seconds.
  path: Assets/Simple city plain/Material & Texture/Material mesh/big trash bin texture.png
  artifactKey: Guid(cb629d531f414f64288cca236d43f674) Importer(815301076,1909f56bfc062723c751e8b465ee728b)
Start importing Assets/Simple city plain/Material & Texture/Material mesh/big trash bin texture.png using Guid(cb629d531f414f64288cca236d43f674) Importer(815301076,1909f56bfc062723c751e8b465ee728b)  -> (artifact id: 'ca285555a5f74b268074aec02664ede7') in 0.005462 seconds
  Import took 0.008006 seconds .

========================================================================
Received Import Request.
  Time since last request: 0.000157 seconds.
  path: Assets/Graphics/Building.png
  artifactKey: Guid(5ab1c98d056de424ca3fbe05108c0f28) Importer(815301076,1909f56bfc062723c751e8b465ee728b)
Start importing Assets/Graphics/Building.png using Guid(5ab1c98d056de424ca3fbe05108c0f28) Importer(815301076,1909f56bfc062723c751e8b465ee728b)  -> (artifact id: '7ed2e2d2c323b553cd6e2ab96973ea1f') in 0.040217 seconds
  Import took 0.043042 seconds .

========================================================================
Received Import Request.
  Time since last request: 0.000200 seconds.
  path: Assets/Simple city plain/Material & Texture/Material mesh/Bench texture.png
  artifactKey: Guid(9a4a04b84933213428ed33e0c31813b7) Importer(815301076,1909f56bfc062723c751e8b465ee728b)
Start importing Assets/Simple city plain/Material & Texture/Material mesh/Bench texture.png using Guid(9a4a04b84933213428ed33e0c31813b7) Importer(815301076,1909f56bfc062723c751e8b465ee728b)  -> (artifact id: '1ba0a809fe500f8c27e4976bc459a183') in 0.004312 seconds
  Import took 0.007253 seconds .

========================================================================
Received Import Request.
  Time since last request: 0.000170 seconds.
  path: Assets/Simple city plain/Material & Texture/Material mesh/coke_machine_texture.png
  artifactKey: Guid(1936ed2defc3a7f4b906965a34d00aaf) Importer(815301076,1909f56bfc062723c751e8b465ee728b)
Start importing Assets/Simple city plain/Material & Texture/Material mesh/coke_machine_texture.png using Guid(1936ed2defc3a7f4b906965a34d00aaf) Importer(815301076,1909f56bfc062723c751e8b465ee728b)  -> (artifact id: '56243b1913c54667fe268bc0acc6d760') in 0.009755 seconds
  Import took 0.012856 seconds .

========================================================================
Received Import Request.
  Time since last request: 0.000185 seconds.
  path: Assets/Graphics/Building.png
  artifactKey: Guid(5ab1c98d056de424ca3fbe05108c0f28) Importer(815301076,1909f56bfc062723c751e8b465ee728b)
Start importing Assets/Graphics/Building.png using Guid(5ab1c98d056de424ca3fbe05108c0f28) Importer(815301076,1909f56bfc062723c751e8b465ee728b)  -> (artifact id: '7ed2e2d2c323b553cd6e2ab96973ea1f') in 0.014818 seconds
  Import took 0.017657 seconds .

========================================================================
Received Import Request.
  Time since last request: 0.000177 seconds.
  path: Assets/Simple city plain/Material & Texture/Material mesh/coke_machine_texture.png
  artifactKey: Guid(1936ed2defc3a7f4b906965a34d00aaf) Importer(815301076,1909f56bfc062723c751e8b465ee728b)
Start importing Assets/Simple city plain/Material & Texture/Material mesh/coke_machine_texture.png using Guid(1936ed2defc3a7f4b906965a34d00aaf) Importer(815301076,1909f56bfc062723c751e8b465ee728b)  -> (artifact id: '56243b1913c54667fe268bc0acc6d760') in 0.005344 seconds
  Import took 0.007939 seconds .

========================================================================
Received Import Request.
  Time since last request: 0.000188 seconds.
  path: Assets/Simple city plain/Material & Texture/Material mesh/dirt.png
  artifactKey: Guid(d90409e4a3fae7f46bbf0450da252846) Importer(815301076,1909f56bfc062723c751e8b465ee728b)
Start importing Assets/Simple city plain/Material & Texture/Material mesh/dirt.png using Guid(d90409e4a3fae7f46bbf0450da252846) Importer(815301076,1909f56bfc062723c751e8b465ee728b)  -> (artifact id: 'bee01517ef6d08aac3cfc1adacf68c83') in 0.009399 seconds
  Import took 0.012256 seconds .

========================================================================
Received Import Request.
  Time since last request: 0.000311 seconds.
  path: Assets/Simple city plain/Material & Texture/Material mesh/dirt.png
  artifactKey: Guid(d90409e4a3fae7f46bbf0450da252846) Importer(815301076,1909f56bfc062723c751e8b465ee728b)
Start importing Assets/Simple city plain/Material & Texture/Material mesh/dirt.png using Guid(d90409e4a3fae7f46bbf0450da252846) Importer(815301076,1909f56bfc062723c751e8b465ee728b)  -> (artifact id: 'bee01517ef6d08aac3cfc1adacf68c83') in 0.004621 seconds
  Import took 0.007829 seconds .

========================================================================
Received Import Request.
  Time since last request: 1.383306 seconds.
  path: Assets/Simple city plain/Material & Texture/Material mesh/Gas_pump_texture.png
  artifactKey: Guid(eb51553d840fc824a9b6b45fefb28750) Importer(815301076,1909f56bfc062723c751e8b465ee728b)
Start importing Assets/Simple city plain/Material & Texture/Material mesh/Gas_pump_texture.png using Guid(eb51553d840fc824a9b6b45fefb28750) Importer(815301076,1909f56bfc062723c751e8b465ee728b)  -> (artifact id: '35ce850905e0647fd4cfa2c2240b0416') in 0.014330 seconds
  Import took 0.017580 seconds .

========================================================================
Received Import Request.
  Time since last request: 0.406450 seconds.
  path: Assets/Simple city plain/Material & Texture/Material mesh/grass.png
  artifactKey: Guid(761fcc9b74a11dc4097e656edc402314) Importer(815301076,1909f56bfc062723c751e8b465ee728b)
Start importing Assets/Simple city plain/Material & Texture/Material mesh/grass.png using Guid(761fcc9b74a11dc4097e656edc402314) Importer(815301076,1909f56bfc062723c751e8b465ee728b)  -> (artifact id: '87f6184ca44badff1e780e38a66be744') in 0.013624 seconds
  Import took 0.017135 seconds .

========================================================================
Received Import Request.
  Time since last request: 0.000215 seconds.
  path: Assets/Simple city plain/Material & Texture/Material mesh/grid.png
  artifactKey: Guid(9922cb1c199ed85459518a9fea40e481) Importer(815301076,1909f56bfc062723c751e8b465ee728b)
Start importing Assets/Simple city plain/Material & Texture/Material mesh/grid.png using Guid(9922cb1c199ed85459518a9fea40e481) Importer(815301076,1909f56bfc062723c751e8b465ee728b)  -> (artifact id: '25f3de981dd698f5bf2c782dfb7942b3') in 0.009231 seconds
  Import took 0.012295 seconds .

========================================================================
Received Import Request.
  Time since last request: 0.211110 seconds.
  path: Assets/Simple city plain/Material & Texture/Material mesh/leafes tree 1.png
  artifactKey: Guid(d77ac9832e1f7ce4e8ad8e45903243e6) Importer(815301076,1909f56bfc062723c751e8b465ee728b)
Start importing Assets/Simple city plain/Material & Texture/Material mesh/leafes tree 1.png using Guid(d77ac9832e1f7ce4e8ad8e45903243e6) Importer(815301076,1909f56bfc062723c751e8b465ee728b)  -> (artifact id: '363556144110f9ccb4c2c64a417f4172') in 0.009137 seconds
  Import took 0.012551 seconds .

========================================================================
Received Import Request.
  Time since last request: 1.545707 seconds.
  path: Assets/Simple city plain/Material & Texture/Material mesh/pot_plant_leaf.png
  artifactKey: Guid(cf21488ffdf03a249b361ac7b5f2d5f5) Importer(815301076,1909f56bfc062723c751e8b465ee728b)
Start importing Assets/Simple city plain/Material & Texture/Material mesh/pot_plant_leaf.png using Guid(cf21488ffdf03a249b361ac7b5f2d5f5) Importer(815301076,1909f56bfc062723c751e8b465ee728b)  -> (artifact id: 'b88c52aef8b31b3ebfa544f8ef6cdc2f') in 0.008634 seconds
  Import took 0.011952 seconds .

========================================================================
Received Import Request.
  Time since last request: 0.031478 seconds.
  path: Assets/Simple city plain/Material & Texture/Material mesh/Shop_B_Texture.png
  artifactKey: Guid(2d0557711b6926441b57384036df45a9) Importer(815301076,1909f56bfc062723c751e8b465ee728b)
Start importing Assets/Simple city plain/Material & Texture/Material mesh/Shop_B_Texture.png using Guid(2d0557711b6926441b57384036df45a9) Importer(815301076,1909f56bfc062723c751e8b465ee728b)  -> (artifact id: '16e4d1ae7b4754ff3871aa834ac5b3ea') in 0.009829 seconds
  Import took 0.013090 seconds .

========================================================================
Received Import Request.
  Time since last request: 0.000175 seconds.
  path: Assets/Simple city plain/Material & Texture/Material mesh/Sidewalk_texture.png
  artifactKey: Guid(1128a08027af2aa4eb774377b46c3064) Importer(815301076,1909f56bfc062723c751e8b465ee728b)
Start importing Assets/Simple city plain/Material & Texture/Material mesh/Sidewalk_texture.png using Guid(1128a08027af2aa4eb774377b46c3064) Importer(815301076,1909f56bfc062723c751e8b465ee728b)  -> (artifact id: '46677e420b9e65532427e08b84ca6105') in 0.007476 seconds
  Import took 0.010192 seconds .

========================================================================
Received Import Request.
  Time since last request: 0.861171 seconds.
  path: Assets/Simple city plain/Material & Texture/Material mesh/Street_03.png
  artifactKey: Guid(16380d10f7bec4543adccda1aeb700f0) Importer(815301076,1909f56bfc062723c751e8b465ee728b)
Start importing Assets/Simple city plain/Material & Texture/Material mesh/Street_03.png using Guid(16380d10f7bec4543adccda1aeb700f0) Importer(815301076,1909f56bfc062723c751e8b465ee728b)  -> (artifact id: '605d72dc34ec87955d7212e9a89182c7') in 0.009550 seconds
  Import took 0.012849 seconds .

========================================================================
Received Import Request.
  Time since last request: 153.643726 seconds.
  path: Assets/New Material.mat
  artifactKey: Guid(10afbbe3ed077864284b13feccf8d0f1) Importer(815301076,1909f56bfc062723c751e8b465ee728b)
Start importing Assets/New Material.mat using Guid(10afbbe3ed077864284b13feccf8d0f1) Importer(815301076,1909f56bfc062723c751e8b465ee728b)  -> (artifact id: '665cae56310f4687b606158796cec8ff') in 0.019488 seconds
  Import took 0.022822 seconds .

========================================================================
Received Prepare
Registering precompiled user dll's ...
Registered in 0.000866 seconds.
Begin MonoManager ReloadAssembly
Native extension for LinuxStandalone target not found
Native extension for WindowsStandalone target not found
Native extension for OSXStandalone target not found
Native extension for WebGL target not found
Refreshing native plugins compatible for Editor in 0.45 ms, found 0 plugins.
Preloading 0 native plugins for Editor in 0.00 ms.
Invoked RoslynAnalysisRunner static constructor.
RoslynAnalysisRunner will not be running.
RoslynAnalysisRunner has terminated.
Mono: successfully reloaded assembly
- Completed reload, in  0.749 seconds
Platform modules already initialized, skipping
Refreshing native plugins compatible for Editor in 0.46 ms, found 0 plugins.
Preloading 0 native plugins for Editor in 0.00 ms.
Unloading 1863 Unused Serialized files (Serialized files now loaded: 0)
System memory in use before: 90.8 MB.
System memory in use after: 90.9 MB.

Unloading 7 unused Assets to reduce memory usage. Loaded Objects now: 2447.
Total: 2.686400 ms (FindLiveObjects: 0.286300 ms CreateObjectMapping: 0.051700 ms MarkObjects: 2.281700 ms  DeleteObjects: 0.065700 ms)

========================================================================
Received Prepare
Registering precompiled user dll's ...
Registered in 0.000748 seconds.
Begin MonoManager ReloadAssembly
Native extension for LinuxStandalone target not found
Native extension for WindowsStandalone target not found
Native extension for OSXStandalone target not found
Native extension for WebGL target not found
Refreshing native plugins compatible for Editor in 0.46 ms, found 0 plugins.
Preloading 0 native plugins for Editor in 0.00 ms.
Invoked RoslynAnalysisRunner static constructor.
RoslynAnalysisRunner will not be running.
RoslynAnalysisRunner has terminated.
Mono: successfully reloaded assembly
- Completed reload, in  0.751 seconds
Platform modules already initialized, skipping
Refreshing native plugins compatible for Editor in 0.46 ms, found 0 plugins.
Preloading 0 native plugins for Editor in 0.00 ms.
Unloading 1863 Unused Serialized files (Serialized files now loaded: 0)
System memory in use before: 90.8 MB.
System memory in use after: 90.9 MB.

Unloading 5 unused Assets to reduce memory usage. Loaded Objects now: 2450.
Total: 1.916300 ms (FindLiveObjects: 0.226000 ms CreateObjectMapping: 0.052900 ms MarkObjects: 1.620200 ms  DeleteObjects: 0.016300 ms)

========================================================================
Received Prepare
Registering precompiled user dll's ...
Registered in 0.000930 seconds.
Begin MonoManager ReloadAssembly
Native extension for LinuxStandalone target not found
Native extension for WindowsStandalone target not found
Native extension for OSXStandalone target not found
Native extension for WebGL target not found
Refreshing native plugins compatible for Editor in 0.46 ms, found 0 plugins.
Preloading 0 native plugins for Editor in 0.00 ms.
Invoked RoslynAnalysisRunner static constructor.
RoslynAnalysisRunner will not be running.
RoslynAnalysisRunner has terminated.
Mono: successfully reloaded assembly
- Completed reload, in  0.746 seconds
Platform modules already initialized, skipping
Refreshing native plugins compatible for Editor in 0.46 ms, found 0 plugins.
Preloading 0 native plugins for Editor in 0.00 ms.
Unloading 1863 Unused Serialized files (Serialized files now loaded: 0)
System memory in use before: 90.8 MB.
System memory in use after: 91.0 MB.

Unloading 5 unused Assets to reduce memory usage. Loaded Objects now: 2453.
Total: 1.992800 ms (FindLiveObjects: 0.280500 ms CreateObjectMapping: 0.058900 ms MarkObjects: 1.637100 ms  DeleteObjects: 0.015300 ms)

========================================================================
Received Prepare
Refreshing native plugins compatible for Editor in 0.93 ms, found 0 plugins.
Preloading 0 native plugins for Editor in 0.00 ms.
Unloading 2 Unused Serialized files (Serialized files now loaded: 0)
System memory in use before: 53.9 MB.
System memory in use after: 54.1 MB.

Unloading 2 unused Assets to reduce memory usage. Loaded Objects now: 2453.
Total: 2.168900 ms (FindLiveObjects: 0.326000 ms CreateObjectMapping: 0.050200 ms MarkObjects: 1.779500 ms  DeleteObjects: 0.012300 ms)

AssetImportWorkerClient::OnTransportError - code=2 error=End of file
